<?xml version="1.0" encoding="UTF-8"?>
<!-- Generated by org.testng.reporters.JUnitXMLReporter -->
<testsuite ignored="0" hostname="user1-PC" failures="0" tests="4" name="Default test" time="51.316" errors="0" timestamp="2021-12-08T12:14:26 IST">
  <testcase classname="TestClassPOM" name="ToVerifyMultiplicationOperation" time="9.199"/>
  <testcase classname="TestClassPOM" name="ToVerifyDivisionOperation" time="6.778"/>
  <testcase classname="TestClassPOM" name="ToVerifyAdditionOperation" time="6.949"/>
  <testcase classname="TestClassPOM" name="ToVerifySubstractionOperation" time="8.133"/>
</testsuite> <!-- Default test -->
