<?xml version="1.0" encoding="UTF-8"?>
<!-- Generated by org.testng.reporters.JUnitXMLReporter -->
<testsuite ignored="0" hostname="user1-PC" failures="0" tests="4" name="Default test" time="141.259" errors="0" timestamp="2021-12-02T11:45:38 IST">
  <testcase classname="TestClassPOM" name="ToVerifyMultiplicationOperation" time="18.154"/>
  <testcase classname="TestClassPOM" name="ToVerifyDivisionOperation" time="18.244"/>
  <testcase classname="TestClassPOM" name="ToVerifyAdditionOperation" time="16.327"/>
  <testcase classname="TestClassPOM" name="ToVerifySubstractionOperation" time="17.015"/>
</testsuite> <!-- Default test -->
