<?xml version="1.0" encoding="UTF-8"?>
<testng-results ignored="0" total="4" passed="4" failed="0" skipped="0">
  <reporter-output>
    <line>
      <![CDATA[Browser launching]]>
    </line>
    <line>
      <![CDATA[Verify multiplicatoion operation]]>
    </line>
    <line>
      <![CDATA[Testcase pass]]>
    </line>
    <line>
      <![CDATA[Verify Division operation]]>
    </line>
    <line>
      <![CDATA[Testcase pass]]>
    </line>
    <line>
      <![CDATA[Verify Addition operation]]>
    </line>
    <line>
      <![CDATA[Testcase pass]]>
    </line>
    <line>
      <![CDATA[Verify Substraction operation]]>
    </line>
    <line>
      <![CDATA[Testcase pass]]>
    </line>
    <line>
      <![CDATA[Browser Closing]]>
    </line>
  </reporter-output>
  <suite started-at="2021-12-08T12:13:35 IST" name="Default suite" finished-at="2021-12-08T12:14:26 IST" duration-ms="51316">
    <groups>
    </groups>
    <test started-at="2021-12-08T12:13:35 IST" name="Default test" finished-at="2021-12-08T12:14:26 IST" duration-ms="51316">
      <class name="TestClassPOM">
        <test-method is-config="true" signature="LaunchBrowser()[pri:0, instance:TestClassPOM@2a32de6c]" started-at="2021-12-08T12:13:35 IST" name="LaunchBrowser" finished-at="2021-12-08T12:13:52 IST" duration-ms="16942" status="PASS">
          <reporter-output>
            <line>
              <![CDATA[Browser launching]]>
            </line>
          </reporter-output>
        </test-method> <!-- LaunchBrowser -->
        <test-method signature="ToVerifyMultiplicationOperation()[pri:0, instance:TestClassPOM@2a32de6c]" started-at="2021-12-08T12:13:52 IST" name="ToVerifyMultiplicationOperation" finished-at="2021-12-08T12:14:01 IST" duration-ms="9199" status="PASS">
          <reporter-output>
            <line>
              <![CDATA[Verify multiplicatoion operation]]>
            </line>
            <line>
              <![CDATA[Testcase pass]]>
            </line>
          </reporter-output>
        </test-method> <!-- ToVerifyMultiplicationOperation -->
        <test-method signature="ToVerifyDivisionOperation()[pri:1, instance:TestClassPOM@2a32de6c]" started-at="2021-12-08T12:14:01 IST" name="ToVerifyDivisionOperation" finished-at="2021-12-08T12:14:08 IST" duration-ms="6778" status="PASS">
          <reporter-output>
            <line>
              <![CDATA[Verify Division operation]]>
            </line>
            <line>
              <![CDATA[Testcase pass]]>
            </line>
          </reporter-output>
        </test-method> <!-- ToVerifyDivisionOperation -->
        <test-method signature="ToVerifyAdditionOperation()[pri:2, instance:TestClassPOM@2a32de6c]" started-at="2021-12-08T12:14:08 IST" name="ToVerifyAdditionOperation" finished-at="2021-12-08T12:14:15 IST" duration-ms="6949" status="PASS">
          <reporter-output>
            <line>
              <![CDATA[Verify Addition operation]]>
            </line>
            <line>
              <![CDATA[Testcase pass]]>
            </line>
          </reporter-output>
        </test-method> <!-- ToVerifyAdditionOperation -->
        <test-method signature="ToVerifySubstractionOperation()[pri:3, instance:TestClassPOM@2a32de6c]" started-at="2021-12-08T12:14:15 IST" name="ToVerifySubstractionOperation" finished-at="2021-12-08T12:14:23 IST" duration-ms="8133" status="PASS">
          <reporter-output>
            <line>
              <![CDATA[Verify Substraction operation]]>
            </line>
            <line>
              <![CDATA[Testcase pass]]>
            </line>
          </reporter-output>
        </test-method> <!-- ToVerifySubstractionOperation -->
        <test-method is-config="true" signature="CloseBrowser()[pri:0, instance:TestClassPOM@2a32de6c]" started-at="2021-12-08T12:14:23 IST" name="CloseBrowser" finished-at="2021-12-08T12:14:26 IST" duration-ms="2960" status="PASS">
          <reporter-output>
            <line>
              <![CDATA[Browser Closing]]>
            </line>
          </reporter-output>
        </test-method> <!-- CloseBrowser -->
      </class> <!-- TestClassPOM -->
    </test> <!-- Default test -->
  </suite> <!-- Default suite -->
</testng-results>
